生成启动时间为 2014/1/3 14:40:23。
     1>项目“D:\documentofvc2010\gc_final_game\gc_final_game\gc_final_game.vcxproj”在节点 2 上(build 个目标)。
     1>InitializeBuildStatus:
         正在创建“Release\gc_final_game.unsuccessfulbuild”，因为已指定“AlwaysCreate”。
       ClCompile:
         D:\Program Files (x86)\vs2010\VC\bin\CL.exe /c /Zi /nologo /W3 /WX- /O2 /Oi /Oy- /GL /D _MBCS /Gm- /EHsc /MD /GS /Gy /fp:precise /Zc:wchar_t /Zc:forScope /Fo"Release\\" /Fd"Release\vc100.pdb" /Gd /TP /analyze- /errorReport:prompt game.cpp
         game.cpp
     1>d:\documentofvc2010\gc_final_game\gc_final_game\mycls.h(16): warning C4129: “o”: 不可识别的字符转义序列
     1>d:\documentofvc2010\gc_final_game\gc_final_game\mycls.h(21): warning C4129: “o”: 不可识别的字符转义序列
     1>d:\documentofvc2010\gc_final_game\gc_final_game\mycls.h(24): warning C4129: “o”: 不可识别的字符转义序列
     1>d:\documentofvc2010\gc_final_game\gc_final_game\mycls.h(27): warning C4129: “o”: 不可识别的字符转义序列
     1>d:\documentofvc2010\gc_final_game\gc_final_game\mycls.h(30): warning C4129: “o”: 不可识别的字符转义序列
     1>d:\documentofvc2010\gc_final_game\gc_final_game\maze2.h(15): warning C4244: “参数”: 从“time_t”转换到“unsigned int”，可能丢失数据
     1>d:\documentofvc2010\gc_final_game\gc_final_game\Map.h(118): warning C4800: “int”: 将值强制为布尔值“true”或“false”(性能警告)
       Link:
         D:\Program Files (x86)\vs2010\VC\bin\link.exe /ERRORREPORT:PROMPT /OUT:"D:\documentofvc2010\gc_final_game\Release\gc_final_game.exe" /NOLOGO kernel32.lib user32.lib gdi32.lib winspool.lib comdlg32.lib advapi32.lib shell32.lib ole32.lib oleaut32.lib uuid.lib odbc32.lib odbccp32.lib /MANIFEST /ManifestFile:"Release\gc_final_game.exe.intermediate.manifest" /MANIFESTUAC:"level='asInvoker' uiAccess='false'" /DEBUG /PDB:"D:\documentofvc2010\gc_final_game\Release\gc_final_game.pdb" /OPT:REF /OPT:ICF /LTCG /TLBID:1 /DYNAMICBASE /NXCOMPAT /IMPLIB:"D:\documentofvc2010\gc_final_game\Release\gc_final_game.lib" /MACHINE:X86 Release\game.obj
         正在生成代码
         已完成代码的生成
         gc_final_game.vcxproj -> D:\documentofvc2010\gc_final_game\Release\gc_final_game.exe
       Manifest:
         C:\Program Files (x86)\Microsoft SDKs\Windows\v7.0A\bin\mt.exe /nologo /verbose /outputresource:"D:\documentofvc2010\gc_final_game\Release\gc_final_game.exe;#1" /manifest Release\gc_final_game.exe.intermediate.manifest
       FinalizeBuildStatus:
         正在删除文件“Release\gc_final_game.unsuccessfulbuild”。
         正在对“Release\gc_final_game.lastbuildstate”执行 Touch 任务。
     1>已完成生成项目“D:\documentofvc2010\gc_final_game\gc_final_game\gc_final_game.vcxproj”(build 个目标)的操作。

生成成功。

已用时间 00:00:03.30
